<?xml version="1.0" encoding="UTF-8"?>
<TestRun id="da11a201-ed57-4e5a-95b7-2663a653c653" name="Karn@KARN-PC 2014-05-13 00:25:32" runUser="Karn-PC\Karn" xmlns="http://microsoft.com/schemas/VisualStudio/TeamTest/2010">
  <TestSettings name="Local" id="ed9c3589-b0ba-48c3-8204-e76f81ad4649">
    <Description>These are default test settings for a local test run.</Description>
    <Deployment enabled="false" runDeploymentRoot="Karn_KARN-PC 2014-05-13 00_25_32">
      <DeploymentItem filename="D:\Development\Pine\PineHome\PineHome\bin\Debug\PineHome.exe" />
    </Deployment>
    <Execution>
      <TestTypeSpecific />
      <AgentRule name="Execution Agents">
      </AgentRule>
    </Execution>
  </TestSettings>
  <Times creation="2014-05-13T00:25:32.2064579+04:00" queuing="2014-05-13T00:25:32.4934744+04:00" start="2014-05-13T00:25:32.5744790+04:00" finish="2014-05-13T00:25:33.8945545+04:00" />
  <ResultSummary outcome="Failed">
    <Counters total="1" executed="1" error="0" failed="1" timeout="0" aborted="0" inconclusive="0" passedButRunAborted="0" notRunnable="0" notExecuted="0" disconnected="0" warning="0" passed="0" completed="0" inProgress="0" pending="0" />
  </ResultSummary>
  <TestDefinitions>
    <UnitTest name="TestAgainstAlmostEmptyHand" storage="d:\development\pine\pinehome\pinehome.tests\bin\debug\pinehome.tests.dll" id="2a961b90-a1b7-68c3-cea1-f3d75c1bceed">
      <Execution id="a9c036c5-cff3-40e7-91f0-5afae79e5a16" />
      <TestMethod codeBase="D:/Development/Pine/PineHome/PineHome.Tests/bin/Debug/PineHome.Tests.DLL" adapterTypeName="Microsoft.VisualStudio.TestTools.TestTypes.Unit.UnitTestAdapter, Microsoft.VisualStudio.QualityTools.Tips.UnitTest.Adapter, Version=10.0.0.0, Culture=neutral, PublicKeyToken=b03f5f7f11d50a3a" className="PineHome.Tests.LastTurnInPositionCaseTest, PineHome.Tests, Version=1.0.0.0, Culture=neutral, PublicKeyToken=null" name="TestAgainstAlmostEmptyHand" />
    </UnitTest>
  </TestDefinitions>
  <TestLists>
    <TestList name="Results Not in a List" id="8c84fa94-04c1-424b-9868-57a2d4851a1d" />
    <TestList name="All Loaded Results" id="19431567-8539-422a-85d7-44ee4e166bda" />
  </TestLists>
  <TestEntries>
    <TestEntry testId="2a961b90-a1b7-68c3-cea1-f3d75c1bceed" executionId="a9c036c5-cff3-40e7-91f0-5afae79e5a16" testListId="8c84fa94-04c1-424b-9868-57a2d4851a1d" />
  </TestEntries>
  <Results>
    <UnitTestResult executionId="a9c036c5-cff3-40e7-91f0-5afae79e5a16" testId="2a961b90-a1b7-68c3-cea1-f3d75c1bceed" testName="TestAgainstAlmostEmptyHand" computerName="KARN-PC" duration="00:00:00.1133168" startTime="2014-05-13T00:25:32.7404885+04:00" endTime="2014-05-13T00:25:33.6615412+04:00" testType="13cdc9d9-ddb5-4fa4-a97d-d965ccfc6d4b" outcome="Failed" testListId="8c84fa94-04c1-424b-9868-57a2d4851a1d" relativeResultsDirectory="a9c036c5-cff3-40e7-91f0-5afae79e5a16">
      <Output>
        <ErrorInfo>
          <Message>Assert.AreEqual failed. Expected:&lt;1&gt;. Actual:&lt;0&gt;. </Message>
          <StackTrace>   at PineHome.Tests.LastTurnInPositionCaseTest.TestAgainstAlmostEmptyHand() in D:\Development\Pine\PineHome\PineHome.Tests\LastTurnInPositionCaseTest.cs:line 34
</StackTrace>
        </ErrorInfo>
      </Output>
    </UnitTestResult>
  </Results>
</TestRun>