<?xml version="1.0" encoding="UTF-8"?>
<TestRun id="7c3a4cc3-2b27-44e7-870a-7d7a04b8308b" name="Karn@KARN-PC 2014-05-13 01:00:04" runUser="Karn-PC\Karn" xmlns="http://microsoft.com/schemas/VisualStudio/TeamTest/2010">
  <TestSettings name="Local" id="ed9c3589-b0ba-48c3-8204-e76f81ad4649">
    <Description>These are default test settings for a local test run.</Description>
    <Deployment enabled="false" runDeploymentRoot="Karn_KARN-PC 2014-05-13 01_00_04">
      <DeploymentItem filename="D:\Development\Pine\PineHome\PineHome\bin\Debug\PineHome.exe" />
    </Deployment>
    <Execution>
      <TestTypeSpecific />
      <AgentRule name="Execution Agents">
      </AgentRule>
    </Execution>
  </TestSettings>
  <Times creation="2014-05-13T01:00:04.6489949+04:00" queuing="2014-05-13T01:00:08.4192105+04:00" start="2014-05-13T01:00:08.6202220+04:00" finish="2014-05-13T01:00:11.0653619+04:00" />
  <ResultSummary outcome="Failed">
    <Counters total="9" executed="9" passed="5" error="0" failed="4" timeout="0" aborted="0" inconclusive="0" passedButRunAborted="0" notRunnable="0" notExecuted="0" disconnected="0" warning="0" completed="0" inProgress="0" pending="0" />
  </ResultSummary>
  <TestDefinitions>
    <UnitTest name="TestAgainstAlmostEmptyHand" storage="d:\development\pine\pinehome\pinehome.tests\bin\debug\pinehome.tests.dll" id="2a961b90-a1b7-68c3-cea1-f3d75c1bceed">
      <Execution id="f8a4996b-ecca-4961-bd1a-65d9bbc49662" />
      <TestMethod codeBase="D:/Development/Pine/PineHome/PineHome.Tests/bin/Debug/PineHome.Tests.DLL" adapterTypeName="Microsoft.VisualStudio.TestTools.TestTypes.Unit.UnitTestAdapter, Microsoft.VisualStudio.QualityTools.Tips.UnitTest.Adapter, Version=10.0.0.0, Culture=neutral, PublicKeyToken=b03f5f7f11d50a3a" className="PineHome.Tests.LastTurnInPositionCaseTest, PineHome.Tests, Version=1.0.0.0, Culture=neutral, PublicKeyToken=null" name="TestAgainstAlmostEmptyHand" />
    </UnitTest>
    <UnitTest name="TestAgainstDead" storage="d:\development\pine\pinehome\pinehome.tests\bin\debug\pinehome.tests.dll" id="13ad604c-580a-b776-f820-e940ee507a41">
      <Execution id="e41ac6df-4fe6-4e00-b6cc-7182ed97b355" />
      <TestMethod codeBase="D:/Development/Pine/PineHome/PineHome.Tests/bin/Debug/PineHome.Tests.DLL" adapterTypeName="Microsoft.VisualStudio.TestTools.TestTypes.Unit.UnitTestAdapter, Microsoft.VisualStudio.QualityTools.Tips.UnitTest.Adapter, Version=10.0.0.0, Culture=neutral, PublicKeyToken=b03f5f7f11d50a3a" className="PineHome.Tests.LastTurnInPositionCaseTest, PineHome.Tests, Version=1.0.0.0, Culture=neutral, PublicKeyToken=null" name="TestAgainstDead" />
    </UnitTest>
    <UnitTest name="TestAgainstEmptyWithFantazy" storage="d:\development\pine\pinehome\pinehome.tests\bin\debug\pinehome.tests.dll" id="24ae6b62-9429-bf0f-16b3-4974a2544ea2">
      <Execution id="3e7ce871-6e75-4a6d-aedb-448a7e00be5e" />
      <TestMethod codeBase="D:/Development/Pine/PineHome/PineHome.Tests/bin/Debug/PineHome.Tests.DLL" adapterTypeName="Microsoft.VisualStudio.TestTools.TestTypes.Unit.UnitTestAdapter, Microsoft.VisualStudio.QualityTools.Tips.UnitTest.Adapter, Version=10.0.0.0, Culture=neutral, PublicKeyToken=b03f5f7f11d50a3a" className="PineHome.Tests.LastTurnInPositionCaseTest, PineHome.Tests, Version=1.0.0.0, Culture=neutral, PublicKeyToken=null" name="TestAgainstEmptyWithFantazy" />
    </UnitTest>
    <UnitTest name="TestBonusAgainstThreeLineWin2" storage="d:\development\pine\pinehome\pinehome.tests\bin\debug\pinehome.tests.dll" id="fc9c0042-3fac-cefe-e5fd-d93d55132cd4">
      <Execution id="0b909dbf-64c6-421f-ad88-6d6d5aee94ba" />
      <TestMethod codeBase="D:/Development/Pine/PineHome/PineHome.Tests/bin/Debug/PineHome.Tests.DLL" adapterTypeName="Microsoft.VisualStudio.TestTools.TestTypes.Unit.UnitTestAdapter, Microsoft.VisualStudio.QualityTools.Tips.UnitTest.Adapter, Version=10.0.0.0, Culture=neutral, PublicKeyToken=b03f5f7f11d50a3a" className="PineHome.Tests.LastTurnInPositionCaseTest, PineHome.Tests, Version=1.0.0.0, Culture=neutral, PublicKeyToken=null" name="TestBonusAgainstThreeLineWin2" />
    </UnitTest>
    <UnitTest name="TestAgainstEmptyToStayAlive" storage="d:\development\pine\pinehome\pinehome.tests\bin\debug\pinehome.tests.dll" id="0be94393-4ac3-1e0a-8d18-158dce58251c">
      <Execution id="182397e3-5312-4618-8509-6cbe60e5ea3c" />
      <TestMethod codeBase="D:/Development/Pine/PineHome/PineHome.Tests/bin/Debug/PineHome.Tests.DLL" adapterTypeName="Microsoft.VisualStudio.TestTools.TestTypes.Unit.UnitTestAdapter, Microsoft.VisualStudio.QualityTools.Tips.UnitTest.Adapter, Version=10.0.0.0, Culture=neutral, PublicKeyToken=b03f5f7f11d50a3a" className="PineHome.Tests.LastTurnInPositionCaseTest, PineHome.Tests, Version=1.0.0.0, Culture=neutral, PublicKeyToken=null" name="TestAgainstEmptyToStayAlive" />
    </UnitTest>
    <UnitTest name="TestBonusAgainstOneLineWin" storage="d:\development\pine\pinehome\pinehome.tests\bin\debug\pinehome.tests.dll" id="6fd08b61-f86f-d6c3-6a1e-c464a2cceec0">
      <Execution id="008bcf7c-99db-4b4c-a9cc-e2fe745df83e" />
      <TestMethod codeBase="D:/Development/Pine/PineHome/PineHome.Tests/bin/Debug/PineHome.Tests.DLL" adapterTypeName="Microsoft.VisualStudio.TestTools.TestTypes.Unit.UnitTestAdapter, Microsoft.VisualStudio.QualityTools.Tips.UnitTest.Adapter, Version=10.0.0.0, Culture=neutral, PublicKeyToken=b03f5f7f11d50a3a" className="PineHome.Tests.LastTurnInPositionCaseTest, PineHome.Tests, Version=1.0.0.0, Culture=neutral, PublicKeyToken=null" name="TestBonusAgainstOneLineWin" />
    </UnitTest>
    <UnitTest name="TestBonusAgainstThreeLineWin" storage="d:\development\pine\pinehome\pinehome.tests\bin\debug\pinehome.tests.dll" id="c9c781eb-41b6-63b6-5d81-70b37a836eb5">
      <Execution id="65e5438d-09a2-4129-b192-fcfdc14b8e24" />
      <TestMethod codeBase="D:/Development/Pine/PineHome/PineHome.Tests/bin/Debug/PineHome.Tests.DLL" adapterTypeName="Microsoft.VisualStudio.TestTools.TestTypes.Unit.UnitTestAdapter, Microsoft.VisualStudio.QualityTools.Tips.UnitTest.Adapter, Version=10.0.0.0, Culture=neutral, PublicKeyToken=b03f5f7f11d50a3a" className="PineHome.Tests.LastTurnInPositionCaseTest, PineHome.Tests, Version=1.0.0.0, Culture=neutral, PublicKeyToken=null" name="TestBonusAgainstThreeLineWin" />
    </UnitTest>
    <UnitTest name="TestBonusCalcAgainstEmpty2" storage="d:\development\pine\pinehome\pinehome.tests\bin\debug\pinehome.tests.dll" id="21b2a4d4-3c86-4420-7fe0-0cbb7fec85a0">
      <Execution id="3791139c-8ed3-458e-9afc-029324d58344" />
      <TestMethod codeBase="D:/Development/Pine/PineHome/PineHome.Tests/bin/Debug/PineHome.Tests.DLL" adapterTypeName="Microsoft.VisualStudio.TestTools.TestTypes.Unit.UnitTestAdapter, Microsoft.VisualStudio.QualityTools.Tips.UnitTest.Adapter, Version=10.0.0.0, Culture=neutral, PublicKeyToken=b03f5f7f11d50a3a" className="PineHome.Tests.LastTurnInPositionCaseTest, PineHome.Tests, Version=1.0.0.0, Culture=neutral, PublicKeyToken=null" name="TestBonusCalcAgainstEmpty2" />
    </UnitTest>
    <UnitTest name="TestBonusCalcAgainstEmpty" storage="d:\development\pine\pinehome\pinehome.tests\bin\debug\pinehome.tests.dll" id="d2a45e2f-e804-a39c-9f5e-5c208bd7d759">
      <Execution id="c87398df-be01-4f1b-97e5-aeb06fa81967" />
      <TestMethod codeBase="D:/Development/Pine/PineHome/PineHome.Tests/bin/Debug/PineHome.Tests.DLL" adapterTypeName="Microsoft.VisualStudio.TestTools.TestTypes.Unit.UnitTestAdapter, Microsoft.VisualStudio.QualityTools.Tips.UnitTest.Adapter, Version=10.0.0.0, Culture=neutral, PublicKeyToken=b03f5f7f11d50a3a" className="PineHome.Tests.LastTurnInPositionCaseTest, PineHome.Tests, Version=1.0.0.0, Culture=neutral, PublicKeyToken=null" name="TestBonusCalcAgainstEmpty" />
    </UnitTest>
  </TestDefinitions>
  <TestLists>
    <TestList name="Results Not in a List" id="8c84fa94-04c1-424b-9868-57a2d4851a1d" />
    <TestList name="All Loaded Results" id="19431567-8539-422a-85d7-44ee4e166bda" />
  </TestLists>
  <TestEntries>
    <TestEntry testId="0be94393-4ac3-1e0a-8d18-158dce58251c" executionId="182397e3-5312-4618-8509-6cbe60e5ea3c" testListId="8c84fa94-04c1-424b-9868-57a2d4851a1d" />
    <TestEntry testId="13ad604c-580a-b776-f820-e940ee507a41" executionId="e41ac6df-4fe6-4e00-b6cc-7182ed97b355" testListId="8c84fa94-04c1-424b-9868-57a2d4851a1d" />
    <TestEntry testId="21b2a4d4-3c86-4420-7fe0-0cbb7fec85a0" executionId="3791139c-8ed3-458e-9afc-029324d58344" testListId="8c84fa94-04c1-424b-9868-57a2d4851a1d" />
    <TestEntry testId="24ae6b62-9429-bf0f-16b3-4974a2544ea2" executionId="3e7ce871-6e75-4a6d-aedb-448a7e00be5e" testListId="8c84fa94-04c1-424b-9868-57a2d4851a1d" />
    <TestEntry testId="2a961b90-a1b7-68c3-cea1-f3d75c1bceed" executionId="f8a4996b-ecca-4961-bd1a-65d9bbc49662" testListId="8c84fa94-04c1-424b-9868-57a2d4851a1d" />
    <TestEntry testId="6fd08b61-f86f-d6c3-6a1e-c464a2cceec0" executionId="008bcf7c-99db-4b4c-a9cc-e2fe745df83e" testListId="8c84fa94-04c1-424b-9868-57a2d4851a1d" />
    <TestEntry testId="c9c781eb-41b6-63b6-5d81-70b37a836eb5" executionId="65e5438d-09a2-4129-b192-fcfdc14b8e24" testListId="8c84fa94-04c1-424b-9868-57a2d4851a1d" />
    <TestEntry testId="d2a45e2f-e804-a39c-9f5e-5c208bd7d759" executionId="c87398df-be01-4f1b-97e5-aeb06fa81967" testListId="8c84fa94-04c1-424b-9868-57a2d4851a1d" />
    <TestEntry testId="fc9c0042-3fac-cefe-e5fd-d93d55132cd4" executionId="0b909dbf-64c6-421f-ad88-6d6d5aee94ba" testListId="8c84fa94-04c1-424b-9868-57a2d4851a1d" />
  </TestEntries>
  <Results>
    <UnitTestResult executionId="182397e3-5312-4618-8509-6cbe60e5ea3c" testId="0be94393-4ac3-1e0a-8d18-158dce58251c" testName="TestAgainstEmptyToStayAlive" computerName="KARN-PC" duration="00:00:00.0368243" startTime="2014-05-13T01:00:08.8512352+04:00" endTime="2014-05-13T01:00:10.0413033+04:00" testType="13cdc9d9-ddb5-4fa4-a97d-d965ccfc6d4b" outcome="Passed" testListId="8c84fa94-04c1-424b-9868-57a2d4851a1d" relativeResultsDirectory="182397e3-5312-4618-8509-6cbe60e5ea3c">
    </UnitTestResult>
    <UnitTestResult executionId="e41ac6df-4fe6-4e00-b6cc-7182ed97b355" testId="13ad604c-580a-b776-f820-e940ee507a41" testName="TestAgainstDead" computerName="KARN-PC" duration="00:00:00.0011422" startTime="2014-05-13T01:00:10.0883060+04:00" endTime="2014-05-13T01:00:10.1323085+04:00" testType="13cdc9d9-ddb5-4fa4-a97d-d965ccfc6d4b" outcome="Passed" testListId="8c84fa94-04c1-424b-9868-57a2d4851a1d" relativeResultsDirectory="e41ac6df-4fe6-4e00-b6cc-7182ed97b355">
    </UnitTestResult>
    <UnitTestResult executionId="3791139c-8ed3-458e-9afc-029324d58344" testId="21b2a4d4-3c86-4420-7fe0-0cbb7fec85a0" testName="TestBonusCalcAgainstEmpty2" computerName="KARN-PC" duration="00:00:00.1382826" startTime="2014-05-13T01:00:10.1813113+04:00" endTime="2014-05-13T01:00:10.3613216+04:00" testType="13cdc9d9-ddb5-4fa4-a97d-d965ccfc6d4b" outcome="Failed" testListId="8c84fa94-04c1-424b-9868-57a2d4851a1d" relativeResultsDirectory="3791139c-8ed3-458e-9afc-029324d58344">
      <Output>
        <ErrorInfo>
          <Message>Assert.AreEqual failed. Expected:&lt;14&gt;. Actual:&lt;12&gt;. </Message>
          <StackTrace>   at PineHome.Tests.LastTurnInPositionCaseTest.TestBonusCalcAgainstEmpty2() in D:\Development\Pine\PineHome\PineHome.Tests\LastTurnInPositionCaseTest.cs:line 76
</StackTrace>
        </ErrorInfo>
      </Output>
    </UnitTestResult>
    <UnitTestResult executionId="3e7ce871-6e75-4a6d-aedb-448a7e00be5e" testId="24ae6b62-9429-bf0f-16b3-4974a2544ea2" testName="TestAgainstEmptyWithFantazy" computerName="KARN-PC" duration="00:00:00.0016246" startTime="2014-05-13T01:00:10.4103244+04:00" endTime="2014-05-13T01:00:10.4523268+04:00" testType="13cdc9d9-ddb5-4fa4-a97d-d965ccfc6d4b" outcome="Failed" testListId="8c84fa94-04c1-424b-9868-57a2d4851a1d" relativeResultsDirectory="3e7ce871-6e75-4a6d-aedb-448a7e00be5e">
      <Output>
        <ErrorInfo>
          <Message>Assert.AreEqual failed. Expected:&lt;21.5&gt;. Actual:&lt;20&gt;. </Message>
          <StackTrace>   at PineHome.Tests.LastTurnInPositionCaseTest.TestAgainstEmptyWithFantazy() in D:\Development\Pine\PineHome\PineHome.Tests\LastTurnInPositionCaseTest.cs:line 97
</StackTrace>
        </ErrorInfo>
      </Output>
    </UnitTestResult>
    <UnitTestResult executionId="f8a4996b-ecca-4961-bd1a-65d9bbc49662" testId="2a961b90-a1b7-68c3-cea1-f3d75c1bceed" testName="TestAgainstAlmostEmptyHand" computerName="KARN-PC" duration="00:00:00.0003612" startTime="2014-05-13T01:00:10.5003296+04:00" endTime="2014-05-13T01:00:10.5423320+04:00" testType="13cdc9d9-ddb5-4fa4-a97d-d965ccfc6d4b" outcome="Passed" testListId="8c84fa94-04c1-424b-9868-57a2d4851a1d" relativeResultsDirectory="f8a4996b-ecca-4961-bd1a-65d9bbc49662">
    </UnitTestResult>
    <UnitTestResult executionId="008bcf7c-99db-4b4c-a9cc-e2fe745df83e" testId="6fd08b61-f86f-d6c3-6a1e-c464a2cceec0" testName="TestBonusAgainstOneLineWin" computerName="KARN-PC" duration="00:00:00.0015646" startTime="2014-05-13T01:00:10.5923348+04:00" endTime="2014-05-13T01:00:10.6383375+04:00" testType="13cdc9d9-ddb5-4fa4-a97d-d965ccfc6d4b" outcome="Failed" testListId="8c84fa94-04c1-424b-9868-57a2d4851a1d" relativeResultsDirectory="008bcf7c-99db-4b4c-a9cc-e2fe745df83e">
      <Output>
        <ErrorInfo>
          <Message>Assert.AreEqual failed. Expected:&lt;-7&gt;. Actual:&lt;-6&gt;. </Message>
          <StackTrace>   at PineHome.Tests.LastTurnInPositionCaseTest.TestBonusAgainstOneLineWin() in D:\Development\Pine\PineHome\PineHome.Tests\LastTurnInPositionCaseTest.cs:line 139
</StackTrace>
        </ErrorInfo>
      </Output>
    </UnitTestResult>
    <UnitTestResult executionId="65e5438d-09a2-4129-b192-fcfdc14b8e24" testId="c9c781eb-41b6-63b6-5d81-70b37a836eb5" testName="TestBonusAgainstThreeLineWin" computerName="KARN-PC" duration="00:00:00.0016903" startTime="2014-05-13T01:00:10.6873403+04:00" endTime="2014-05-13T01:00:10.7343429+04:00" testType="13cdc9d9-ddb5-4fa4-a97d-d965ccfc6d4b" outcome="Failed" testListId="8c84fa94-04c1-424b-9868-57a2d4851a1d" relativeResultsDirectory="65e5438d-09a2-4129-b192-fcfdc14b8e24">
      <Output>
        <ErrorInfo>
          <Message>Assert.AreEqual failed. Expected:&lt;14&gt;. Actual:&lt;11&gt;. </Message>
          <StackTrace>   at PineHome.Tests.LastTurnInPositionCaseTest.TestBonusAgainstThreeLineWin() in D:\Development\Pine\PineHome\PineHome.Tests\LastTurnInPositionCaseTest.cs:line 160
</StackTrace>
        </ErrorInfo>
      </Output>
    </UnitTestResult>
    <UnitTestResult executionId="c87398df-be01-4f1b-97e5-aeb06fa81967" testId="d2a45e2f-e804-a39c-9f5e-5c208bd7d759" testName="TestBonusCalcAgainstEmpty" computerName="KARN-PC" duration="00:00:00.0003402" startTime="2014-05-13T01:00:10.7853459+04:00" endTime="2014-05-13T01:00:10.8283483+04:00" testType="13cdc9d9-ddb5-4fa4-a97d-d965ccfc6d4b" outcome="Passed" testListId="8c84fa94-04c1-424b-9868-57a2d4851a1d" relativeResultsDirectory="c87398df-be01-4f1b-97e5-aeb06fa81967">
    </UnitTestResult>
    <UnitTestResult executionId="0b909dbf-64c6-421f-ad88-6d6d5aee94ba" testId="fc9c0042-3fac-cefe-e5fd-d93d55132cd4" testName="TestBonusAgainstThreeLineWin2" computerName="KARN-PC" duration="00:00:00.0004161" startTime="2014-05-13T01:00:10.8783512+04:00" endTime="2014-05-13T01:00:10.9253539+04:00" testType="13cdc9d9-ddb5-4fa4-a97d-d965ccfc6d4b" outcome="Passed" testListId="8c84fa94-04c1-424b-9868-57a2d4851a1d" relativeResultsDirectory="0b909dbf-64c6-421f-ad88-6d6d5aee94ba">
    </UnitTestResult>
  </Results>
</TestRun>