<?xml version="1.0" encoding="UTF-8"?>
<TestRun id="0d8b6b10-ae32-41bf-bcaf-ef915ad5e3ad" name="Karn@KARN-PC 2014-05-11 13:11:36" runUser="Karn-PC\Karn" xmlns="http://microsoft.com/schemas/VisualStudio/TeamTest/2010">
  <TestSettings name="Local" id="ed9c3589-b0ba-48c3-8204-e76f81ad4649">
    <Description>These are default test settings for a local test run.</Description>
    <Deployment enabled="false" runDeploymentRoot="Karn_KARN-PC 2014-05-11 13_11_36">
      <DeploymentItem filename="D:\Development\Pine\PineHome\PineHome\bin\Debug\PineHome.exe" />
    </Deployment>
    <Execution>
      <TestTypeSpecific />
      <AgentRule name="Execution Agents">
      </AgentRule>
    </Execution>
  </TestSettings>
  <Times creation="2014-05-11T13:11:36.4429281+04:00" queuing="2014-05-11T13:11:43.4803306+04:00" start="2014-05-11T13:11:43.7603466+04:00" finish="2014-05-11T13:12:31.3990714+04:00" />
  <ResultSummary outcome="Error">
    <Counters total="1" executed="1" error="0" failed="0" timeout="0" aborted="1" inconclusive="0" passedButRunAborted="0" notRunnable="0" notExecuted="0" disconnected="0" warning="0" passed="0" completed="0" inProgress="0" pending="0" />
    <RunInfos>
      <RunInfo computerName="KARN-PC" outcome="Error" timestamp="2014-05-11T13:12:31.3350677+04:00">
        <Text>Test host process exited unexpectedly.</Text>
      </RunInfo>
    </RunInfos>
  </ResultSummary>
  <TestDefinitions>
    <UnitTest name="TestScoreCompare03" storage="d:\development\pine\pinehome\pinehome.tests\bin\debug\pinehome.tests.dll" id="e316f557-401c-4281-e9a7-39cbfec16de6">
      <Execution id="95457640-a64c-4f39-a6f6-cd43c9510ffa" />
      <TestMethod codeBase="D:/Development/Pine/PineHome/PineHome.Tests/bin/Debug/PineHome.Tests.DLL" adapterTypeName="Microsoft.VisualStudio.TestTools.TestTypes.Unit.UnitTestAdapter, Microsoft.VisualStudio.QualityTools.Tips.UnitTest.Adapter, Version=10.0.0.0, Culture=neutral, PublicKeyToken=b03f5f7f11d50a3a" className="Pineapple.UnitTest.LastTurnInPositionTest, PineHome.Tests, Version=1.0.0.0, Culture=neutral, PublicKeyToken=null" name="TestScoreCompare03" />
    </UnitTest>
  </TestDefinitions>
  <TestLists>
    <TestList name="Results Not in a List" id="8c84fa94-04c1-424b-9868-57a2d4851a1d" />
    <TestList name="All Loaded Results" id="19431567-8539-422a-85d7-44ee4e166bda" />
  </TestLists>
  <TestEntries>
    <TestEntry testId="e316f557-401c-4281-e9a7-39cbfec16de6" executionId="95457640-a64c-4f39-a6f6-cd43c9510ffa" testListId="8c84fa94-04c1-424b-9868-57a2d4851a1d" />
  </TestEntries>
  <Results>
    <UnitTestResult executionId="95457640-a64c-4f39-a6f6-cd43c9510ffa" testId="e316f557-401c-4281-e9a7-39cbfec16de6" testName="TestScoreCompare03" computerName="KARN-PC" duration="00:00:47.3967110" startTime="2014-05-11T13:11:44.0023604+04:00" endTime="2014-05-11T13:12:31.3990714+04:00" testType="13cdc9d9-ddb5-4fa4-a97d-d965ccfc6d4b" outcome="Aborted" testListId="8c84fa94-04c1-424b-9868-57a2d4851a1d" relativeResultsDirectory="95457640-a64c-4f39-a6f6-cd43c9510ffa">
    </UnitTestResult>
  </Results>
</TestRun>