<?xml version="1.0" encoding="UTF-8"?>
<TestRun id="b3105371-0fa8-446d-a923-4e2115e79498" name="Karn@KARN-PC 2014-05-13 00:20:20" runUser="Karn-PC\Karn" xmlns="http://microsoft.com/schemas/VisualStudio/TeamTest/2010">
  <TestSettings name="Local" id="ed9c3589-b0ba-48c3-8204-e76f81ad4649">
    <Description>These are default test settings for a local test run.</Description>
    <Deployment enabled="false" runDeploymentRoot="Karn_KARN-PC 2014-05-13 00_20_20">
      <DeploymentItem filename="D:\Development\Pine\PineHome\PineHome\bin\Debug\PineHome.exe" />
    </Deployment>
    <Execution>
      <TestTypeSpecific />
      <AgentRule name="Execution Agents">
      </AgentRule>
    </Execution>
  </TestSettings>
  <Times creation="2014-05-13T00:20:20.2196133+04:00" queuing="2014-05-13T00:20:34.6714399+04:00" start="2014-05-13T00:20:34.9244544+04:00" finish="2014-05-13T00:23:33.6996797+04:00" />
  <ResultSummary outcome="Error">
    <Counters total="1" executed="1" error="0" failed="0" timeout="0" aborted="1" inconclusive="0" passedButRunAborted="0" notRunnable="0" notExecuted="0" disconnected="0" warning="0" passed="0" completed="0" inProgress="0" pending="0" />
    <RunInfos>
      <RunInfo computerName="KARN-PC" outcome="Error" timestamp="2014-05-13T00:23:33.6346760+04:00">
        <Text>Test host process exited unexpectedly.</Text>
      </RunInfo>
    </RunInfos>
  </ResultSummary>
  <TestDefinitions>
    <UnitTest name="TestAgainstAlmostEmptyHand" storage="d:\development\pine\pinehome\pinehome.tests\bin\debug\pinehome.tests.dll" id="2a961b90-a1b7-68c3-cea1-f3d75c1bceed">
      <Execution id="ad8a2d11-4003-4a48-9f03-76ee0d860493" />
      <TestMethod codeBase="D:/Development/Pine/PineHome/PineHome.Tests/bin/Debug/PineHome.Tests.DLL" adapterTypeName="Microsoft.VisualStudio.TestTools.TestTypes.Unit.UnitTestAdapter, Microsoft.VisualStudio.QualityTools.Tips.UnitTest.Adapter, Version=10.0.0.0, Culture=neutral, PublicKeyToken=b03f5f7f11d50a3a" className="PineHome.Tests.LastTurnInPositionCaseTest, PineHome.Tests, Version=1.0.0.0, Culture=neutral, PublicKeyToken=null" name="TestAgainstAlmostEmptyHand" />
    </UnitTest>
  </TestDefinitions>
  <TestLists>
    <TestList name="Results Not in a List" id="8c84fa94-04c1-424b-9868-57a2d4851a1d" />
    <TestList name="All Loaded Results" id="19431567-8539-422a-85d7-44ee4e166bda" />
  </TestLists>
  <TestEntries>
    <TestEntry testId="2a961b90-a1b7-68c3-cea1-f3d75c1bceed" executionId="ad8a2d11-4003-4a48-9f03-76ee0d860493" testListId="8c84fa94-04c1-424b-9868-57a2d4851a1d" />
  </TestEntries>
  <Results>
    <UnitTestResult executionId="ad8a2d11-4003-4a48-9f03-76ee0d860493" testId="2a961b90-a1b7-68c3-cea1-f3d75c1bceed" testName="TestAgainstAlmostEmptyHand" computerName="KARN-PC" duration="00:02:58.5172106" startTime="2014-05-13T00:20:35.1824691+04:00" endTime="2014-05-13T00:23:33.6996797+04:00" testType="13cdc9d9-ddb5-4fa4-a97d-d965ccfc6d4b" outcome="Aborted" testListId="8c84fa94-04c1-424b-9868-57a2d4851a1d" relativeResultsDirectory="ad8a2d11-4003-4a48-9f03-76ee0d860493">
    </UnitTestResult>
  </Results>
</TestRun>